<?xml version="1.0" encoding="UTF-8"?>
<testsuites>
  <testsuite id="0" name="C:\Github\bikeshop\src\components\bikes\BikeForm.snapshot.test.js" errors="0" package="C:\Github\bikeshop\src\components\bikes\BikeForm.snapshot.test.js" hostname="localhost" tests="2" failures="0" time="4.214" timestamp="2020-05-09T04:23:40">
    <properties>
    </properties>
    <testcase classname="Bikeform component - snapshots" name="sets submit button label &apos;Saving...&apos; when saving is true" time="0">
    </testcase>
    <testcase classname="Bikeform component - snapshots" name="sets submit button label &apos;Save&apos; when saving is false" time="0">
    </testcase>
    <system-out/>
    <system-err/>
  </testsuite>
  <testsuite id="1" name="C:\Github\bikeshop\src\components\common\Header.test.js" errors="0" package="C:\Github\bikeshop\src\components\common\Header.test.js" hostname="localhost" tests="1" failures="0" time="4.369" timestamp="2020-05-09T04:23:40">
    <properties>
    </properties>
    <testcase classname="Header component" name="Renders a Navbar" time="0">
    </testcase>
    <system-out/>
    <system-err/>
  </testsuite>
  <testsuite id="2" name="C:\Github\bikeshop\src\components\navbar\Navbar.test.js" errors="0" package="C:\Github\bikeshop\src\components\navbar\Navbar.test.js" hostname="localhost" tests="1" failures="0" time="4.407" timestamp="2020-05-09T04:23:40">
    <properties>
    </properties>
    <testcase classname="Navbar component" name="contains same number of navitems as routes" time="0">
    </testcase>
    <system-out/>
    <system-err/>
  </testsuite>
  <testsuite id="3" name="C:\Github\bikeshop\src\components\bikes\BikeCrudForm.test.js" errors="0" package="C:\Github\bikeshop\src\components\bikes\BikeCrudForm.test.js" hostname="localhost" tests="4" failures="0" time="4.53" timestamp="2020-05-09T04:23:40">
    <properties>
    </properties>
    <testcase classname="BikeCrudForm component - deep render" name="submit shows 3 error messages when no fields input" time="0">
    </testcase>
    <testcase classname="BikeCrudForm component - deep render" name="submit shows error message when manufacturer field is empty" time="0">
    </testcase>
    <testcase classname="BikeCrudForm component - deep render" name="submit shows error message when Price field is empty" time="0">
    </testcase>
    <testcase classname="BikeCrudForm component - deep render" name="submit shows error message when Model field is empty" time="0">
    </testcase>
    <system-out/>
    <system-err/>
  </testsuite>
  <testsuite id="4" name="C:\Github\bikeshop\src\components\App.test.js" errors="0" package="C:\Github\bikeshop\src\components\App.test.js" hostname="localhost" tests="3" failures="0" time="4.615" timestamp="2020-05-09T04:23:40">
    <properties>
    </properties>
    <testcase classname="App component" name="renders header" time="0">
    </testcase>
    <testcase classname="App component" name="renders footer" time="0">
    </testcase>
    <testcase classname="App component" name="renders main" time="0">
    </testcase>
    <system-out/>
    <system-err/>
  </testsuite>
  <testsuite id="5" name="C:\Github\bikeshop\src\components\bikes\BikeForm.test.js" errors="0" package="C:\Github\bikeshop\src\components\bikes\BikeForm.test.js" hostname="localhost" tests="4" failures="0" time="5.811" timestamp="2020-05-09T04:23:40">
    <properties>
    </properties>
    <testcase classname="BikeForm component" name="should render Create bike header when bike prop is empty" time="0">
    </testcase>
    <testcase classname="BikeForm component" name="should render Edit bike header when bike prop has id" time="0">
    </testcase>
    <testcase classname="BikeForm component" name="should label save button as &quot;Save&quot; when not saving" time="0">
    </testcase>
    <testcase classname="BikeForm component" name="should label save button as &quot;Saving...&quot; when saving" time="0">
    </testcase>
    <system-out/>
    <system-err/>
  </testsuite>
</testsuites>